<?xml version="1.0" encoding="UTF-8"?>
<testsuite name="id.ac.ui.cs.advprog.chat.controller.ChatRestControllerTest" tests="4" skipped="0" failures="0" errors="0" timestamp="2025-05-27T07:07:14.658Z" hostname="Karolinas-MacBook-Pro.local" time="0.13">
  <properties/>
  <testcase name="testGetContacts_returnsSortedContacts()" classname="id.ac.ui.cs.advprog.chat.controller.ChatRestControllerTest" time="0.113"/>
  <testcase name="testGetContacts_returnsEmptyListOnException()" classname="id.ac.ui.cs.advprog.chat.controller.ChatRestControllerTest" time="0.009"/>
  <testcase name="testGetContacts_handlesDeletedMessage()" classname="id.ac.ui.cs.advprog.chat.controller.ChatRestControllerTest" time="0.003"/>
  <testcase name="testGetContacts_handlesEmptyMessages()" classname="id.ac.ui.cs.advprog.chat.controller.ChatRestControllerTest" time="0.003"/>
  <system-out><![CDATA[2025-05-27 14:07:14.764 [Test worker] INFO  i.a.u.c.a.c.c.ChatRestController - START getContacts for userId=1
2025-05-27 14:07:14.764 [Test worker] DEBUG i.a.u.c.a.c.c.ChatRestController - Found 1 rooms for user 1
2025-05-27 14:07:14.764 [Test worker] DEBUG i.a.u.c.a.c.c.ChatRestController - Room 10: contactId=2
2025-05-27 14:07:14.764 [Test worker] DEBUG i.a.u.c.a.c.c.ChatRestController - Contact name for 2 => ContactName
2025-05-27 14:07:14.765 [Test worker] DEBUG i.a.u.c.a.c.c.ChatRestController - Room 10: 1 messages loaded
2025-05-27 14:07:14.765 [Test worker] DEBUG i.a.u.c.a.c.c.ChatRestController - Added ContactResponse: ContactResponse{contactId=2, contactName='ContactName', roomId=10, lastMessage='Hello', lastMessageTime=2025-05-27T14:07:14.761920}
2025-05-27 14:07:14.765 [Test worker] DEBUG i.a.u.c.a.c.c.ChatRestController - Contacts sorted by lastMessageTime
2025-05-27 14:07:14.765 [Test worker] INFO  i.a.u.c.a.c.c.ChatRestController - END getContacts for user 1 — returning 1 contacts
2025-05-27 14:07:14.774 [Test worker] INFO  i.a.u.c.a.c.c.ChatRestController - START getContacts for userId=99
2025-05-27 14:07:14.775 [Test worker] ERROR i.a.u.c.a.c.c.ChatRestController - ERROR in getContacts for user 99: DB error
java.lang.RuntimeException: DB error
	at id.ac.ui.cs.advprog.chat.service.ChatRoomService.findRoomsByUserId(ChatRoomService.java:152)
	at id.ac.ui.cs.advprog.chat.controller.ChatRestController.getContacts(ChatRestController.java:46)
	at id.ac.ui.cs.advprog.chat.controller.ChatRestControllerTest.testGetContacts_returnsEmptyListOnException(ChatRestControllerTest.java:123)
	at java.base/jdk.internal.reflect.DirectMethodHandleAccessor.invoke(DirectMethodHandleAccessor.java:103)
	at java.base/java.lang.reflect.Method.invoke(Method.java:580)
	at org.junit.platform.commons.util.ReflectionUtils.invokeMethod(ReflectionUtils.java:767)
	at org.junit.jupiter.engine.execution.MethodInvocation.proceed(MethodInvocation.java:60)
	at org.junit.jupiter.engine.execution.InvocationInterceptorChain$ValidatingInvocation.proceed(InvocationInterceptorChain.java:131)
	at org.junit.jupiter.engine.extension.TimeoutExtension.intercept(TimeoutExtension.java:156)
	at org.junit.jupiter.engine.extension.TimeoutExtension.interceptTestableMethod(TimeoutExtension.java:147)
	at org.junit.jupiter.engine.extension.TimeoutExtension.interceptTestMethod(TimeoutExtension.java:86)
	at org.junit.jupiter.engine.execution.InterceptingExecutableInvoker$ReflectiveInterceptorCall.lambda$ofVoidMethod$0(InterceptingExecutableInvoker.java:103)
	at org.junit.jupiter.engine.execution.InterceptingExecutableInvoker.lambda$invoke$0(InterceptingExecutableInvoker.java:93)
	at org.junit.jupiter.engine.execution.InvocationInterceptorChain$InterceptedInvocation.proceed(InvocationInterceptorChain.java:106)
	at org.junit.jupiter.engine.execution.InvocationInterceptorChain.proceed(InvocationInterceptorChain.java:64)
	at org.junit.jupiter.engine.execution.InvocationInterceptorChain.chainAndInvoke(InvocationInterceptorChain.java:45)
	at org.junit.jupiter.engine.execution.InvocationInterceptorChain.invoke(InvocationInterceptorChain.java:37)
	at org.junit.jupiter.engine.execution.InterceptingExecutableInvoker.invoke(InterceptingExecutableInvoker.java:92)
	at org.junit.jupiter.engine.execution.InterceptingExecutableInvoker.invoke(InterceptingExecutableInvoker.java:86)
	at org.junit.jupiter.engine.descriptor.TestMethodTestDescriptor.lambda$invokeTestMethod$8(TestMethodTestDescriptor.java:217)
	at org.junit.platform.engine.support.hierarchical.ThrowableCollector.execute(ThrowableCollector.java:73)
	at org.junit.jupiter.engine.descriptor.TestMethodTestDescriptor.invokeTestMethod(TestMethodTestDescriptor.java:213)
	at org.junit.jupiter.engine.descriptor.TestMethodTestDescriptor.execute(TestMethodTestDescriptor.java:138)
	at org.junit.jupiter.engine.descriptor.TestMethodTestDescriptor.execute(TestMethodTestDescriptor.java:68)
	at org.junit.platform.engine.support.hierarchical.NodeTestTask.lambda$executeRecursively$6(NodeTestTask.java:156)
	at org.junit.platform.engine.support.hierarchical.ThrowableCollector.execute(ThrowableCollector.java:73)
	at org.junit.platform.engine.support.hierarchical.NodeTestTask.lambda$executeRecursively$8(NodeTestTask.java:146)
	at org.junit.platform.engine.support.hierarchical.Node.around(Node.java:137)
	at org.junit.platform.engine.support.hierarchical.NodeTestTask.lambda$executeRecursively$9(NodeTestTask.java:144)
	at org.junit.platform.engine.support.hierarchical.ThrowableCollector.execute(ThrowableCollector.java:73)
	at org.junit.platform.engine.support.hierarchical.NodeTestTask.executeRecursively(NodeTestTask.java:143)
	at org.junit.platform.engine.support.hierarchical.NodeTestTask.execute(NodeTestTask.java:100)
	at java.base/java.util.ArrayList.forEach(ArrayList.java:1596)
	at org.junit.platform.engine.support.hierarchical.SameThreadHierarchicalTestExecutorService.invokeAll(SameThreadHierarchicalTestExecutorService.java:41)
	at org.junit.platform.engine.support.hierarchical.NodeTestTask.lambda$executeRecursively$6(NodeTestTask.java:160)
	at org.junit.platform.engine.support.hierarchical.ThrowableCollector.execute(ThrowableCollector.java:73)
	at org.junit.platform.engine.support.hierarchical.NodeTestTask.lambda$executeRecursively$8(NodeTestTask.java:146)
	at org.junit.platform.engine.support.hierarchical.Node.around(Node.java:137)
	at org.junit.platform.engine.support.hierarchical.NodeTestTask.lambda$executeRecursively$9(NodeTestTask.java:144)
	at org.junit.platform.engine.support.hierarchical.ThrowableCollector.execute(ThrowableCollector.java:73)
	at org.junit.platform.engine.support.hierarchical.NodeTestTask.executeRecursively(NodeTestTask.java:143)
	at org.junit.platform.engine.support.hierarchical.NodeTestTask.execute(NodeTestTask.java:100)
	at java.base/java.util.ArrayList.forEach(ArrayList.java:1596)
	at org.junit.platform.engine.support.hierarchical.SameThreadHierarchicalTestExecutorService.invokeAll(SameThreadHierarchicalTestExecutorService.java:41)
	at org.junit.platform.engine.support.hierarchical.NodeTestTask.lambda$executeRecursively$6(NodeTestTask.java:160)
	at org.junit.platform.engine.support.hierarchical.ThrowableCollector.execute(ThrowableCollector.java:73)
	at org.junit.platform.engine.support.hierarchical.NodeTestTask.lambda$executeRecursively$8(NodeTestTask.java:146)
	at org.junit.platform.engine.support.hierarchical.Node.around(Node.java:137)
	at org.junit.platform.engine.support.hierarchical.NodeTestTask.lambda$executeRecursively$9(NodeTestTask.java:144)
	at org.junit.platform.engine.support.hierarchical.ThrowableCollector.execute(ThrowableCollector.java:73)
	at org.junit.platform.engine.support.hierarchical.NodeTestTask.executeRecursively(NodeTestTask.java:143)
	at org.junit.platform.engine.support.hierarchical.NodeTestTask.execute(NodeTestTask.java:100)
	at org.junit.platform.engine.support.hierarchical.SameThreadHierarchicalTestExecutorService.submit(SameThreadHierarchicalTestExecutorService.java:35)
	at org.junit.platform.engine.support.hierarchical.HierarchicalTestExecutor.execute(HierarchicalTestExecutor.java:57)
	at org.junit.platform.engine.support.hierarchical.HierarchicalTestEngine.execute(HierarchicalTestEngine.java:54)
	at org.junit.platform.launcher.core.EngineExecutionOrchestrator.execute(EngineExecutionOrchestrator.java:198)
	at org.junit.platform.launcher.core.EngineExecutionOrchestrator.execute(EngineExecutionOrchestrator.java:169)
	at org.junit.platform.launcher.core.EngineExecutionOrchestrator.execute(EngineExecutionOrchestrator.java:93)
	at org.junit.platform.launcher.core.EngineExecutionOrchestrator.lambda$execute$0(EngineExecutionOrchestrator.java:58)
	at org.junit.platform.launcher.core.EngineExecutionOrchestrator.withInterceptedStreams(EngineExecutionOrchestrator.java:141)
	at org.junit.platform.launcher.core.EngineExecutionOrchestrator.execute(EngineExecutionOrchestrator.java:57)
	at org.junit.platform.launcher.core.DefaultLauncher.execute(DefaultLauncher.java:103)
	at org.junit.platform.launcher.core.DefaultLauncher.execute(DefaultLauncher.java:85)
	at org.junit.platform.launcher.core.DelegatingLauncher.execute(DelegatingLauncher.java:47)
	at org.gradle.api.internal.tasks.testing.junitplatform.JUnitPlatformTestClassProcessor$CollectAllTestClassesExecutor.processAllTestClasses(JUnitPlatformTestClassProcessor.java:124)
	at org.gradle.api.internal.tasks.testing.junitplatform.JUnitPlatformTestClassProcessor$CollectAllTestClassesExecutor.access$000(JUnitPlatformTestClassProcessor.java:99)
	at org.gradle.api.internal.tasks.testing.junitplatform.JUnitPlatformTestClassProcessor.stop(JUnitPlatformTestClassProcessor.java:94)
	at org.gradle.api.internal.tasks.testing.SuiteTestClassProcessor.stop(SuiteTestClassProcessor.java:63)
	at java.base/jdk.internal.reflect.DirectMethodHandleAccessor.invoke(DirectMethodHandleAccessor.java:103)
	at java.base/java.lang.reflect.Method.invoke(Method.java:580)
	at org.gradle.internal.dispatch.ReflectionDispatch.dispatch(ReflectionDispatch.java:36)
	at org.gradle.internal.dispatch.ReflectionDispatch.dispatch(ReflectionDispatch.java:24)
	at org.gradle.internal.dispatch.ContextClassLoaderDispatch.dispatch(ContextClassLoaderDispatch.java:33)
	at org.gradle.internal.dispatch.ProxyDispatchAdapter$DispatchingInvocationHandler.invoke(ProxyDispatchAdapter.java:92)
	at jdk.proxy2/jdk.proxy2.$Proxy6.stop(Unknown Source)
	at org.gradle.api.internal.tasks.testing.worker.TestWorker$3.run(TestWorker.java:200)
	at org.gradle.api.internal.tasks.testing.worker.TestWorker.executeAndMaintainThreadName(TestWorker.java:132)
	at org.gradle.api.internal.tasks.testing.worker.TestWorker.execute(TestWorker.java:103)
	at org.gradle.api.internal.tasks.testing.worker.TestWorker.execute(TestWorker.java:63)
	at org.gradle.process.internal.worker.child.ActionExecutionWorker.execute(ActionExecutionWorker.java:56)
	at org.gradle.process.internal.worker.child.SystemApplicationClassLoaderWorker.call(SystemApplicationClassLoaderWorker.java:121)
	at org.gradle.process.internal.worker.child.SystemApplicationClassLoaderWorker.call(SystemApplicationClassLoaderWorker.java:71)
	at worker.org.gradle.process.internal.worker.GradleWorkerMain.run(GradleWorkerMain.java:69)
	at worker.org.gradle.process.internal.worker.GradleWorkerMain.main(GradleWorkerMain.java:74)
2025-05-27 14:07:14.783 [Test worker] INFO  i.a.u.c.a.c.c.ChatRestController - START getContacts for userId=1
2025-05-27 14:07:14.784 [Test worker] DEBUG i.a.u.c.a.c.c.ChatRestController - Found 1 rooms for user 1
2025-05-27 14:07:14.784 [Test worker] DEBUG i.a.u.c.a.c.c.ChatRestController - Room 11: contactId=2
2025-05-27 14:07:14.784 [Test worker] DEBUG i.a.u.c.a.c.c.ChatRestController - Contact name for 2 => DocName
2025-05-27 14:07:14.784 [Test worker] DEBUG i.a.u.c.a.c.c.ChatRestController - Room 11: 1 messages loaded
2025-05-27 14:07:14.784 [Test worker] DEBUG i.a.u.c.a.c.c.ChatRestController - Added ContactResponse: ContactResponse{contactId=2, contactName='DocName', roomId=11, lastMessage='Message deleted', lastMessageTime=2025-05-27T14:07:14.783493}
2025-05-27 14:07:14.785 [Test worker] DEBUG i.a.u.c.a.c.c.ChatRestController - Contacts sorted by lastMessageTime
2025-05-27 14:07:14.785 [Test worker] INFO  i.a.u.c.a.c.c.ChatRestController - END getContacts for user 1 — returning 1 contacts
2025-05-27 14:07:14.787 [Test worker] INFO  i.a.u.c.a.c.c.ChatRestController - START getContacts for userId=1
2025-05-27 14:07:14.787 [Test worker] DEBUG i.a.u.c.a.c.c.ChatRestController - Found 1 rooms for user 1
2025-05-27 14:07:14.787 [Test worker] DEBUG i.a.u.c.a.c.c.ChatRestController - Room 12: contactId=2
2025-05-27 14:07:14.787 [Test worker] DEBUG i.a.u.c.a.c.c.ChatRestController - Contact name for 2 => NoMsgUser
2025-05-27 14:07:14.787 [Test worker] DEBUG i.a.u.c.a.c.c.ChatRestController - Room 12: 0 messages loaded
2025-05-27 14:07:14.788 [Test worker] DEBUG i.a.u.c.a.c.c.ChatRestController - Added ContactResponse: ContactResponse{contactId=2, contactName='NoMsgUser', roomId=12, lastMessage='', lastMessageTime=null}
2025-05-27 14:07:14.788 [Test worker] DEBUG i.a.u.c.a.c.c.ChatRestController - Contacts sorted by lastMessageTime
2025-05-27 14:07:14.788 [Test worker] INFO  i.a.u.c.a.c.c.ChatRestController - END getContacts for user 1 — returning 1 contacts
]]></system-out>
  <system-err><![CDATA[]]></system-err>
</testsuite>
